12.2873 	WARNING 	We strongly recommend you activate the PTB sound engine in PsychoPy prefs as the preferred audio engine. Its timing is vastly superior. Your prefs are currently set to use ['sounddevice', 'PTB', 'pyo', 'pygame'] (in that order).
27.6816 	WARNING 	User requested fullscreen with size [1024  768], but screen is actually [1920, 1080]. Using actual size
28.8580 	EXP 	Created window1 = Window(allowGUI=True, allowStencil=False, autoLog=True, backendConf=UNKNOWN, bitsMode=UNKNOWN, blendMode='avg', bpc=(8, 8, 8), color=array([0, 0, 0]), colorSpace='rgb', depthBits=8, fullscr=<method-wrapper '__getattribute__' of attributeSetter object at 0x000002AD96CE62E0>, gamma=None, gammaErrorPolicy='raise', lms=UNKNOWN, monitor=<psychopy.monitors.calibTools.Monitor object at 0x000002AD97CB74F0>, multiSample=False, name='window1', numSamples=2, pos=(0, 0), screen=0, size=array([1920, 1080]), stencilBits=0, stereo=False, units='height', useFBO=True, useRetina=False, viewOri=0.0, viewPos=None, viewScale=None, waitBlanking=True, winType='pyglet')
28.8581 	EXP 	window1: mouseVisible = True
28.8583 	EXP 	window1: mouseVisible = False
28.8583 	EXP 	window1: Attempting to measure frame rate of screen (0) ...
28.8584 	EXP 	window1: recordFrameIntervals = False
29.0242 	EXP 	window1: recordFrameIntervals = True
29.2075 	EXP 	Screen (0) actual frame rate measured at 60.05Hz
29.2076 	EXP 	window1: recordFrameIntervals = False
32.4234 	EXP 	Created polygon = ShapeStim(__class__=<class 'psychopy.visual.shape.ShapeStim'>, anchor=('center', 'center'), autoDraw=False, autoLog=True, closeShape=True, color=method-wrapper(...), colorSpace='rgb', contrast=None, depth=0.0, fillColor=array([1, 1, 1]), fillColorSpace='rgb', fillRGB=array([1, 1, 1]), interpolate=True, lineColor=array([1, 1, 1]), lineColorSpace='rgb', lineRGB=array([1, 1, 1]), lineWidth=1.0, name='polygon', opacity=1.0, ori=0.0, pos=array([0., 0.]), size=array([0.2, 0.2]), units='height', vertices=ndarray(...), win=Window(...), windingRule=None)
32.4310 	EXP 	Created polygon_2 = ShapeStim(__class__=<class 'psychopy.visual.shape.ShapeStim'>, anchor=('center', 'center'), autoDraw=False, autoLog=True, closeShape=True, color=method-wrapper(...), colorSpace='rgb', contrast=None, depth=-1.0, fillColor=array([-1.    ,  0.0039, -1.    ]), fillColorSpace='rgb', fillRGB=array([-1.    ,  0.0039, -1.    ]), interpolate=True, lineColor=array([-1.    ,  0.0039, -1.    ]), lineColorSpace='rgb', lineRGB=array([-1.    ,  0.0039, -1.    ]), lineWidth=1.0, name='polygon_2', opacity=1.0, ori=0.0, pos=array([0., 0.]), size=array([0.2, 0.2]), units='height', vertices=ndarray(...), win=Window(...), windingRule=None)
32.4624 	EXP 	Sound sound_1 set volume 1.000
32.8380 	EXP 	Created text = TextStim(__class__=<class 'psychopy.visual.text.TextStim'>, alignHoriz=method-wrapper(...), alignText='center', alignVert=method-wrapper(...), anchorHoriz='center', anchorVert='center', antialias=True, autoDraw=False, autoLog=True, bold=False, color=array([1, 1, 1]), colorSpace='rgb', contrast=1.0, depth=0.0, flipHoriz=False, flipVert=False, font='Open Sans', fontFiles=[], height=0.05, italic=False, languageStyle='LTR', name='text', opacity=1.0, ori=0.0, pos=array([0. , 0.3]), rgb=UNKNOWN, text=str(...), units='height', win=Window(...), wrapWidth=1)
32.8998 	EXP 	window1: mouseVisible = True
32.9215 	EXP 	Imported cons.xlsx as conditions, 12 conditions, 3 params
32.9230 	EXP 	Created sequence: random, trialTypes=12, nReps=5, seed=None
32.9234 	EXP 	New trial (rep=0, index=0): {'delay': 0.1, 'freq': 1000, 'condition': 'exp'}
32.9385 	EXP 	textbox: autoLog = True
32.9385 	EXP 	polygon: autoDraw = True
33.1581 	DATA 	Mouse: Left button down, pos=(1119,520)
33.3909 	DATA 	Mouse:  Left button up, pos=(1119,520)
33.9050 	EXP 	polygon_2: autoDraw = True
33.9384 	EXP 	polygon: autoDraw = False
35.4236 	DATA 	Mouse: Left button down, pos=(1119,520)
35.6567 	DATA 	Mouse:  Left button up, pos=(1119,520)
36.3260 	DATA 	Keypress: space
36.3536 	EXP 	polygon: autoDraw = False
36.3536 	EXP 	polygon_2: autoDraw = False
36.7701 	EXP 	text: autoDraw = True
36.7701 	EXP 	textbox: autoDraw = True
43.9831 	DATA 	Keypress: 2
45.0089 	DATA 	Keypress: space
46.5654 	DATA 	Mouse: Left button down, pos=(1050,239)
46.5689 	EXP 	New trial (rep=0, index=1): {'delay': 0.7, 'freq': 1000, 'condition': 'exp'}
46.5812 	EXP 	text: autoDraw = False
46.5812 	EXP 	textbox: autoDraw = False
46.5812 	EXP 	polygon: autoDraw = True
46.8007 	DATA 	Mouse:  Left button up, pos=(1050,239)
47.5807 	EXP 	polygon: autoDraw = False
47.5807 	EXP 	polygon_2: autoDraw = True
56.2129 	DATA 	Keypress: space
56.2260 	EXP 	polygon: autoDraw = False
56.2260 	EXP 	polygon_2: autoDraw = False
57.2267 	EXP 	text: autoDraw = True
57.2267 	EXP 	textbox: autoDraw = True
58.8248 	DATA 	Keypress: 3
60.0018 	DATA 	Mouse: Left button down, pos=(973,215)
60.0112 	EXP 	New trial (rep=0, index=2): {'delay': 0.1, 'freq': 400, 'condition': 'unexp'}
60.0238 	EXP 	text: autoDraw = False
60.0238 	EXP 	textbox: autoDraw = False
60.0238 	EXP 	polygon: autoDraw = True
60.2269 	DATA 	Mouse:  Left button up, pos=(973,215)
61.0233 	EXP 	polygon: autoDraw = False
61.0233 	EXP 	polygon_2: autoDraw = True
62.4760 	DATA 	Keypress: space
62.4892 	EXP 	polygon: autoDraw = False
62.4892 	EXP 	polygon_2: autoDraw = False
62.8894 	EXP 	text: autoDraw = True
62.8894 	EXP 	textbox: autoDraw = True
64.3885 	DATA 	Keypress: 1
65.0227 	DATA 	Keypress: space
66.5640 	DATA 	Mouse: Left button down, pos=(995,197)
66.5723 	EXP 	New trial (rep=0, index=3): {'delay': 0.7, 'freq': 1000, 'condition': 'exp'}
66.5868 	EXP 	text: autoDraw = False
66.5868 	EXP 	textbox: autoDraw = False
66.5868 	EXP 	polygon: autoDraw = True
66.7897 	DATA 	Mouse:  Left button up, pos=(995,197)
67.5862 	EXP 	polygon: autoDraw = False
67.5862 	EXP 	polygon_2: autoDraw = True
67.6397 	DATA 	Keypress: space
67.6528 	EXP 	polygon: autoDraw = False
67.6528 	EXP 	polygon_2: autoDraw = False
68.6532 	EXP 	text: autoDraw = True
68.6532 	EXP 	textbox: autoDraw = True
69.9854 	DATA 	Keypress: 4
70.8447 	DATA 	Mouse: Left button down, pos=(815,339)
71.0440 	DATA 	Mouse:  Left button up, pos=(815,339)
71.4479 	DATA 	Mouse: Left button down, pos=(1005,193)
71.4571 	EXP 	New trial (rep=0, index=4): {'delay': 0.4, 'freq': 400, 'condition': 'unexp'}
71.4715 	EXP 	text: autoDraw = False
71.4715 	EXP 	textbox: autoDraw = False
71.4715 	EXP 	polygon: autoDraw = True
71.6739 	DATA 	Mouse:  Left button up, pos=(1005,193)
72.4711 	EXP 	polygon: autoDraw = False
72.4711 	EXP 	polygon_2: autoDraw = True
73.9570 	DATA 	Keypress: space
73.9700 	EXP 	polygon: autoDraw = False
73.9700 	EXP 	polygon_2: autoDraw = False
74.6823 	EXP 	text: autoDraw = True
74.6823 	EXP 	textbox: autoDraw = True
75.8155 	DATA 	Keypress: 2
76.7316 	DATA 	Keypress: return
78.0982 	DATA 	Mouse: Left button down, pos=(985,238)
78.1007 	EXP 	New trial (rep=0, index=5): {'delay': 0.4, 'freq': 1000, 'condition': 'exp'}
78.1137 	EXP 	text: autoDraw = False
78.1137 	EXP 	textbox: autoDraw = False
78.1137 	EXP 	polygon: autoDraw = True
78.3167 	DATA 	Mouse:  Left button up, pos=(985,238)
79.1132 	EXP 	polygon: autoDraw = False
79.1132 	EXP 	polygon_2: autoDraw = True
79.8169 	DATA 	Keypress: space
79.8294 	EXP 	polygon: autoDraw = False
79.8294 	EXP 	polygon_2: autoDraw = False
80.5311 	EXP 	text: autoDraw = True
80.5311 	EXP 	textbox: autoDraw = True
81.3228 	DATA 	Keypress: 3
83.1619 	DATA 	Mouse: Left button down, pos=(1018,198)
83.1641 	EXP 	New trial (rep=0, index=6): {'delay': 0.4, 'freq': 1000, 'condition': 'exp'}
83.1775 	EXP 	text: autoDraw = False
83.1775 	EXP 	textbox: autoDraw = False
83.1775 	EXP 	polygon: autoDraw = True
83.3803 	DATA 	Mouse:  Left button up, pos=(1018,198)
84.1770 	EXP 	polygon: autoDraw = False
84.1770 	EXP 	polygon_2: autoDraw = True
84.7971 	DATA 	Keypress: space
84.8100 	EXP 	polygon: autoDraw = False
84.8100 	EXP 	polygon_2: autoDraw = False
85.5115 	EXP 	text: autoDraw = True
85.5115 	EXP 	textbox: autoDraw = True
86.3877 	DATA 	Keypress: 3
89.2035 	DATA 	Mouse: Left button down, pos=(977,222)
89.2122 	EXP 	New trial (rep=0, index=7): {'delay': 0.1, 'freq': 1000, 'condition': 'exp'}
89.2282 	EXP 	text: autoDraw = False
89.2282 	EXP 	textbox: autoDraw = False
89.2282 	EXP 	polygon: autoDraw = True
89.4309 	DATA 	Mouse:  Left button up, pos=(977,222)
90.2112 	EXP 	polygon_2: autoDraw = True
90.2278 	EXP 	polygon: autoDraw = False
91.5140 	DATA 	Keypress: space
91.5269 	EXP 	polygon: autoDraw = False
91.5269 	EXP 	polygon_2: autoDraw = False
91.9394 	EXP 	text: autoDraw = True
91.9394 	EXP 	textbox: autoDraw = True
92.8396 	DATA 	Keypress: 1
94.8474 	DATA 	Mouse: Left button down, pos=(1000,237)
94.8565 	EXP 	New trial (rep=0, index=8): {'delay': 0.4, 'freq': 1000, 'condition': 'exp'}
94.8710 	EXP 	text: autoDraw = False
94.8710 	EXP 	textbox: autoDraw = False
94.8710 	EXP 	polygon: autoDraw = True
95.0744 	DATA 	Mouse:  Left button up, pos=(1000,237)
95.8229 	DATA 	Keypress: space
95.8705 	EXP 	polygon: autoDraw = False
95.8705 	EXP 	polygon_2: autoDraw = True
97.0569 	DATA 	Keypress: space
97.0700 	EXP 	polygon: autoDraw = False
97.0700 	EXP 	polygon_2: autoDraw = False
97.7702 	EXP 	text: autoDraw = True
97.7702 	EXP 	textbox: autoDraw = True
98.7776 	DATA 	Keypress: 2
99.7028 	DATA 	Mouse: Left button down, pos=(998,231)
99.7054 	EXP 	New trial (rep=0, index=9): {'delay': 0.7, 'freq': 1000, 'condition': 'exp'}
99.7184 	EXP 	text: autoDraw = False
99.7184 	EXP 	textbox: autoDraw = False
99.7184 	EXP 	polygon: autoDraw = True
99.9210 	DATA 	Mouse:  Left button up, pos=(998,231)
100.7179 	EXP 	polygon: autoDraw = False
100.7179 	EXP 	polygon_2: autoDraw = True
101.8879 	DATA 	Keypress: space
101.9006 	EXP 	polygon: autoDraw = False
101.9006 	EXP 	polygon_2: autoDraw = False
102.9007 	EXP 	text: autoDraw = True
102.9007 	EXP 	textbox: autoDraw = True
103.9301 	DATA 	Keypress: 4
106.5249 	DATA 	Mouse: Left button down, pos=(980,200)
106.5336 	EXP 	New trial (rep=0, index=10): {'delay': 0.7, 'freq': 400, 'condition': 'unexp'}
106.5479 	EXP 	text: autoDraw = False
106.5479 	EXP 	textbox: autoDraw = False
106.5479 	EXP 	polygon: autoDraw = True
106.7506 	DATA 	Mouse:  Left button up, pos=(980,200)
107.5332 	DATA 	Keypress: space
107.5475 	EXP 	polygon: autoDraw = False
107.5475 	EXP 	polygon_2: autoDraw = True
108.2339 	DATA 	Keypress: space
108.2470 	EXP 	polygon: autoDraw = False
108.2470 	EXP 	polygon_2: autoDraw = False
109.2484 	EXP 	text: autoDraw = True
109.2484 	EXP 	textbox: autoDraw = True
110.0765 	DATA 	Keypress: 4
111.2552 	DATA 	Mouse: Left button down, pos=(980,200)
111.2638 	EXP 	New trial (rep=0, index=11): {'delay': 0.1, 'freq': 1000, 'condition': 'exp'}
111.2786 	EXP 	text: autoDraw = False
111.2786 	EXP 	textbox: autoDraw = False
111.2786 	EXP 	polygon: autoDraw = True
111.4819 	DATA 	Mouse:  Left button up, pos=(980,200)
112.2781 	EXP 	polygon: autoDraw = False
112.2781 	EXP 	polygon_2: autoDraw = True
113.0812 	DATA 	Keypress: space
113.0943 	EXP 	polygon: autoDraw = False
113.0943 	EXP 	polygon_2: autoDraw = False
113.4963 	EXP 	text: autoDraw = True
113.4963 	EXP 	textbox: autoDraw = True
114.3874 	DATA 	Keypress: 2
115.5861 	DATA 	Mouse: Left button down, pos=(980,200)
115.5949 	EXP 	New trial (rep=1, index=0): {'delay': 0.1, 'freq': 1000, 'condition': 'exp'}
115.6096 	EXP 	text: autoDraw = False
115.6096 	EXP 	textbox: autoDraw = False
115.6096 	EXP 	polygon: autoDraw = True
115.8124 	DATA 	Mouse:  Left button up, pos=(980,200)
116.5782 	DATA 	Keypress: space
116.6090 	EXP 	polygon: autoDraw = False
116.6090 	EXP 	polygon_2: autoDraw = True
118.6118 	DATA 	Keypress: space
118.6246 	EXP 	polygon: autoDraw = False
118.6246 	EXP 	polygon_2: autoDraw = False
119.0280 	EXP 	text: autoDraw = True
119.0280 	EXP 	textbox: autoDraw = True
119.8999 	DATA 	Keypress: 2
121.5822 	DATA 	Mouse: Left button down, pos=(980,200)
121.5915 	EXP 	New trial (rep=1, index=1): {'delay': 0.7, 'freq': 400, 'condition': 'unexp'}
121.6062 	EXP 	text: autoDraw = False
121.6062 	EXP 	textbox: autoDraw = False
121.6062 	EXP 	polygon: autoDraw = True
121.8090 	DATA 	Mouse:  Left button up, pos=(980,200)
122.2914 	DATA 	Keypress: space
122.6056 	EXP 	polygon: autoDraw = False
122.6056 	EXP 	polygon_2: autoDraw = True
123.0757 	DATA 	Keypress: space
123.0887 	EXP 	polygon: autoDraw = False
123.0887 	EXP 	polygon_2: autoDraw = False
123.2904 	DATA 	Keypress: space
124.0904 	EXP 	text: autoDraw = True
124.0904 	EXP 	textbox: autoDraw = True
125.0981 	DATA 	Keypress: 2
126.4140 	DATA 	Mouse: Left button down, pos=(980,200)
126.4223 	EXP 	New trial (rep=1, index=2): {'delay': 0.1, 'freq': 1000, 'condition': 'exp'}
126.4369 	EXP 	text: autoDraw = False
126.4369 	EXP 	textbox: autoDraw = False
126.4369 	EXP 	polygon: autoDraw = True
126.6396 	DATA 	Mouse:  Left button up, pos=(980,200)
127.3555 	DATA 	Keypress: space
127.4364 	EXP 	polygon: autoDraw = False
127.4364 	EXP 	polygon_2: autoDraw = True
127.7570 	DATA 	Keypress: space
127.7696 	EXP 	polygon: autoDraw = False
127.7696 	EXP 	polygon_2: autoDraw = False
128.1708 	EXP 	text: autoDraw = True
128.1708 	EXP 	textbox: autoDraw = True
129.2191 	DATA 	Keypress: 2
132.4343 	DATA 	Mouse: Left button down, pos=(980,200)
132.4362 	EXP 	New trial (rep=1, index=3): {'delay': 0.7, 'freq': 1000, 'condition': 'exp'}
132.4501 	EXP 	text: autoDraw = False
132.4501 	EXP 	textbox: autoDraw = False
132.4501 	EXP 	polygon: autoDraw = True
132.6530 	DATA 	Mouse:  Left button up, pos=(980,200)
133.4496 	EXP 	polygon: autoDraw = False
133.4496 	EXP 	polygon_2: autoDraw = True
133.9863 	DATA 	Keypress: space
133.9993 	EXP 	polygon: autoDraw = False
133.9993 	EXP 	polygon_2: autoDraw = False
134.9985 	EXP 	text: autoDraw = True
134.9985 	EXP 	textbox: autoDraw = True
135.8492 	DATA 	Keypress: 4
137.3242 	DATA 	Mouse: Left button down, pos=(980,200)
137.3327 	EXP 	New trial (rep=1, index=4): {'delay': 0.1, 'freq': 1000, 'condition': 'exp'}
137.3474 	EXP 	text: autoDraw = False
137.3474 	EXP 	textbox: autoDraw = False
137.3474 	EXP 	polygon: autoDraw = True
137.5502 	DATA 	Mouse:  Left button up, pos=(980,200)
138.1326 	DATA 	Keypress: space
138.3469 	EXP 	polygon: autoDraw = False
138.3469 	EXP 	polygon_2: autoDraw = True
138.7336 	DATA 	Keypress: space
138.7467 	EXP 	polygon: autoDraw = False
138.7467 	EXP 	polygon_2: autoDraw = False
139.1483 	EXP 	text: autoDraw = True
139.1483 	EXP 	textbox: autoDraw = True
140.0028 	DATA 	Keypress: 3
141.9789 	DATA 	Keypress: backspace
142.7370 	DATA 	Keypress: 1
143.3887 	DATA 	Keypress: backspace
143.9776 	DATA 	Keypress: 2
145.0774 	DATA 	Mouse: Left button down, pos=(933,217)
145.0797 	EXP 	New trial (rep=1, index=5): {'delay': 0.4, 'freq': 1000, 'condition': 'exp'}
145.0930 	EXP 	text: autoDraw = False
145.0930 	EXP 	textbox: autoDraw = False
145.0930 	EXP 	polygon: autoDraw = True
145.3127 	DATA 	Mouse:  Left button up, pos=(933,217)
146.0926 	EXP 	polygon: autoDraw = False
146.0926 	EXP 	polygon_2: autoDraw = True
146.1136 	DATA 	Keypress: space
146.1258 	EXP 	polygon: autoDraw = False
146.1258 	EXP 	polygon_2: autoDraw = False
146.8277 	EXP 	text: autoDraw = True
146.8277 	EXP 	textbox: autoDraw = True
147.6088 	DATA 	Keypress: 4
148.9589 	DATA 	Mouse: Left button down, pos=(959,204)
148.9611 	EXP 	New trial (rep=1, index=6): {'delay': 0.7, 'freq': 1000, 'condition': 'exp'}
148.9742 	EXP 	text: autoDraw = False
148.9742 	EXP 	textbox: autoDraw = False
148.9742 	EXP 	polygon: autoDraw = True
149.1929 	DATA 	Mouse:  Left button up, pos=(959,204)
149.9737 	EXP 	polygon: autoDraw = False
149.9737 	EXP 	polygon_2: autoDraw = True
150.1439 	DATA 	Keypress: space
150.1570 	EXP 	polygon: autoDraw = False
150.1570 	EXP 	polygon_2: autoDraw = False
151.1561 	EXP 	text: autoDraw = True
151.1561 	EXP 	textbox: autoDraw = True
151.9463 	DATA 	Keypress: 5
152.8399 	DATA 	Mouse: Left button down, pos=(959,204)
152.8422 	EXP 	New trial (rep=1, index=7): {'delay': 0.7, 'freq': 1000, 'condition': 'exp'}
152.8555 	EXP 	text: autoDraw = False
152.8555 	EXP 	textbox: autoDraw = False
152.8555 	EXP 	polygon: autoDraw = True
153.0747 	DATA 	Mouse:  Left button up, pos=(959,204)
153.6240 	DATA 	Keypress: space
153.8550 	EXP 	polygon: autoDraw = False
153.8550 	EXP 	polygon_2: autoDraw = True
153.9586 	DATA 	Keypress: space
153.9716 	EXP 	polygon: autoDraw = False
153.9716 	EXP 	polygon_2: autoDraw = False
154.9715 	EXP 	text: autoDraw = True
154.9715 	EXP 	textbox: autoDraw = True
155.9791 	DATA 	Keypress: 3
157.6141 	DATA 	Mouse: Left button down, pos=(959,204)
157.6226 	EXP 	New trial (rep=1, index=8): {'delay': 0.4, 'freq': 1000, 'condition': 'exp'}
157.6361 	EXP 	text: autoDraw = False
157.6361 	EXP 	textbox: autoDraw = False
157.6361 	EXP 	polygon: autoDraw = True
157.8222 	DATA 	Mouse:  Left button up, pos=(959,204)
158.3714 	DATA 	Keypress: space
158.6356 	EXP 	polygon: autoDraw = False
158.6356 	EXP 	polygon_2: autoDraw = True
158.8722 	DATA 	Keypress: space
158.8854 	EXP 	polygon: autoDraw = False
158.8854 	EXP 	polygon_2: autoDraw = False
159.5865 	EXP 	text: autoDraw = True
159.5865 	EXP 	textbox: autoDraw = True
160.3444 	DATA 	Keypress: 3
161.7012 	DATA 	Mouse: Left button down, pos=(959,204)
161.7031 	EXP 	New trial (rep=1, index=9): {'delay': 0.4, 'freq': 1000, 'condition': 'exp'}
161.7173 	EXP 	text: autoDraw = False
161.7173 	EXP 	textbox: autoDraw = False
161.7173 	EXP 	polygon: autoDraw = True
161.9204 	DATA 	Mouse:  Left button up, pos=(959,204)
162.4857 	DATA 	Keypress: space
162.7166 	EXP 	polygon: autoDraw = False
162.7166 	EXP 	polygon_2: autoDraw = True
163.0034 	DATA 	Keypress: space
163.0165 	EXP 	polygon: autoDraw = False
163.0165 	EXP 	polygon_2: autoDraw = False
163.7168 	EXP 	text: autoDraw = True
163.7168 	EXP 	textbox: autoDraw = True
164.4994 	DATA 	Keypress: 2
168.2233 	DATA 	Mouse: Left button down, pos=(1008,238)
168.2319 	EXP 	New trial (rep=1, index=10): {'delay': 0.4, 'freq': 400, 'condition': 'unexp'}
168.2472 	EXP 	text: autoDraw = False
168.2472 	EXP 	textbox: autoDraw = False
168.2472 	EXP 	polygon: autoDraw = True
168.3995 	DATA 	Mouse:  Left button up, pos=(1008,238)
168.4007 	DATA 	Mouse: Left button down, pos=(1008,238)
168.6326 	DATA 	Mouse:  Left button up, pos=(1008,238)
169.1654 	DATA 	Keypress: space
169.2463 	EXP 	polygon: autoDraw = False
169.2463 	EXP 	polygon_2: autoDraw = True
169.4840 	DATA 	Keypress: space
169.4962 	EXP 	polygon: autoDraw = False
169.4962 	EXP 	polygon_2: autoDraw = False
170.1985 	EXP 	text: autoDraw = True
170.1985 	EXP 	textbox: autoDraw = True
171.0231 	DATA 	Keypress: 4
172.6882 	DATA 	Mouse: Left button down, pos=(1008,238)
172.6976 	EXP 	New trial (rep=1, index=11): {'delay': 0.1, 'freq': 400, 'condition': 'unexp'}
172.7111 	EXP 	text: autoDraw = False
172.7111 	EXP 	textbox: autoDraw = False
172.7111 	EXP 	polygon: autoDraw = True
172.9137 	DATA 	Mouse:  Left button up, pos=(1008,238)
173.4965 	DATA 	Keypress: space
173.7105 	EXP 	polygon: autoDraw = False
173.7105 	EXP 	polygon_2: autoDraw = True
173.7465 	DATA 	Keypress: space
173.7773 	EXP 	polygon: autoDraw = False
173.7773 	EXP 	polygon_2: autoDraw = False
174.1787 	EXP 	text: autoDraw = True
174.1787 	EXP 	textbox: autoDraw = True
175.0766 	DATA 	Keypress: 2
177.0429 	DATA 	Mouse: Left button down, pos=(1008,238)
177.0450 	EXP 	New trial (rep=2, index=0): {'delay': 0.4, 'freq': 1000, 'condition': 'exp'}
177.0588 	EXP 	text: autoDraw = False
177.0588 	EXP 	textbox: autoDraw = False
177.0588 	EXP 	polygon: autoDraw = True
177.2615 	DATA 	Mouse:  Left button up, pos=(1008,238)
177.4942 	DATA 	Keypress: space
178.0582 	EXP 	polygon: autoDraw = False
178.0582 	EXP 	polygon_2: autoDraw = True
178.3448 	DATA 	Keypress: space
178.3580 	EXP 	polygon: autoDraw = False
178.3580 	EXP 	polygon_2: autoDraw = False
179.0592 	EXP 	text: autoDraw = True
179.0592 	EXP 	textbox: autoDraw = True
179.8140 	DATA 	Keypress: 3
182.0677 	DATA 	Mouse: Left button down, pos=(979,210)
182.0766 	EXP 	New trial (rep=2, index=1): {'delay': 0.4, 'freq': 1000, 'condition': 'exp'}
182.0934 	EXP 	text: autoDraw = False
182.0934 	EXP 	textbox: autoDraw = False
182.0934 	EXP 	polygon: autoDraw = True
182.2959 	DATA 	Mouse:  Left button up, pos=(979,210)
182.5454 	DATA 	Keypress: space
183.0762 	EXP 	polygon_2: autoDraw = True
183.0928 	EXP 	polygon: autoDraw = False
183.3961 	DATA 	Keypress: space
183.4092 	EXP 	polygon: autoDraw = False
183.4092 	EXP 	polygon_2: autoDraw = False
184.1216 	EXP 	text: autoDraw = True
184.1216 	EXP 	textbox: autoDraw = True
184.9216 	DATA 	Keypress: 3
187.4796 	DATA 	Mouse: Left button down, pos=(979,210)
187.4883 	EXP 	New trial (rep=2, index=2): {'delay': 0.1, 'freq': 1000, 'condition': 'exp'}
187.5028 	EXP 	text: autoDraw = False
187.5028 	EXP 	textbox: autoDraw = False
187.5028 	EXP 	polygon: autoDraw = True
187.6890 	DATA 	Mouse:  Left button up, pos=(979,210)
188.2048 	DATA 	Keypress: space
188.5022 	EXP 	polygon: autoDraw = False
188.5022 	EXP 	polygon_2: autoDraw = True
188.8224 	DATA 	Keypress: space
188.8355 	EXP 	polygon: autoDraw = False
188.8355 	EXP 	polygon_2: autoDraw = False
189.2374 	EXP 	text: autoDraw = True
189.2374 	EXP 	textbox: autoDraw = True
189.9852 	DATA 	Keypress: 3
192.6602 	DATA 	Mouse: Left button down, pos=(979,210)
192.6691 	EXP 	New trial (rep=2, index=3): {'delay': 0.7, 'freq': 400, 'condition': 'unexp'}
192.6834 	EXP 	text: autoDraw = False
192.6834 	EXP 	textbox: autoDraw = False
192.6834 	EXP 	polygon: autoDraw = True
192.8860 	DATA 	Mouse:  Left button up, pos=(979,210)
193.2520 	DATA 	Keypress: space
193.6828 	EXP 	polygon: autoDraw = False
193.6828 	EXP 	polygon_2: autoDraw = True
193.9862 	DATA 	Keypress: space
193.9993 	EXP 	polygon: autoDraw = False
193.9993 	EXP 	polygon_2: autoDraw = False
194.9992 	EXP 	text: autoDraw = True
194.9992 	EXP 	textbox: autoDraw = True
195.7488 	DATA 	Keypress: 3
196.9079 	DATA 	Mouse: Left button down, pos=(979,210)
196.9176 	EXP 	New trial (rep=2, index=4): {'delay': 0.7, 'freq': 1000, 'condition': 'exp'}
196.9309 	EXP 	text: autoDraw = False
196.9309 	EXP 	textbox: autoDraw = False
196.9309 	EXP 	polygon: autoDraw = True
197.1336 	DATA 	Mouse:  Left button up, pos=(979,210)
197.9304 	EXP 	polygon: autoDraw = False
197.9304 	EXP 	polygon_2: autoDraw = True
198.4837 	DATA 	Keypress: space
198.4968 	EXP 	polygon: autoDraw = False
198.4968 	EXP 	polygon_2: autoDraw = False
199.4987 	EXP 	text: autoDraw = True
199.4987 	EXP 	textbox: autoDraw = True
200.3297 	DATA 	Keypress: 3
201.4701 	DATA 	Mouse: Left button down, pos=(979,210)
201.4809 	EXP 	New trial (rep=2, index=5): {'delay': 0.4, 'freq': 400, 'condition': 'unexp'}
201.4950 	EXP 	text: autoDraw = False
201.4950 	EXP 	textbox: autoDraw = False
201.4950 	EXP 	polygon: autoDraw = True
201.6980 	DATA 	Mouse:  Left button up, pos=(979,210)
202.4945 	EXP 	polygon: autoDraw = False
202.4945 	EXP 	polygon_2: autoDraw = True
202.9314 	DATA 	Keypress: space
202.9443 	EXP 	polygon: autoDraw = False
202.9443 	EXP 	polygon_2: autoDraw = False
203.6454 	EXP 	text: autoDraw = True
203.6454 	EXP 	textbox: autoDraw = True
204.4937 	DATA 	Keypress: 2
206.1517 	DATA 	Mouse: Left button down, pos=(979,210)
206.1611 	EXP 	New trial (rep=2, index=6): {'delay': 0.7, 'freq': 1000, 'condition': 'exp'}
206.1758 	EXP 	text: autoDraw = False
206.1758 	EXP 	textbox: autoDraw = False
206.1758 	EXP 	polygon: autoDraw = True
206.3784 	DATA 	Mouse:  Left button up, pos=(979,210)
206.8944 	DATA 	Keypress: space
207.1752 	EXP 	polygon: autoDraw = False
207.1752 	EXP 	polygon_2: autoDraw = True
207.6788 	DATA 	Keypress: space
207.6917 	EXP 	polygon: autoDraw = False
207.6917 	EXP 	polygon_2: autoDraw = False
208.6917 	EXP 	text: autoDraw = True
208.6917 	EXP 	textbox: autoDraw = True
209.4986 	DATA 	Keypress: 4
211.4145 	DATA 	Mouse: Left button down, pos=(979,210)
211.4247 	EXP 	New trial (rep=2, index=7): {'delay': 0.1, 'freq': 1000, 'condition': 'exp'}
211.4396 	EXP 	text: autoDraw = False
211.4396 	EXP 	textbox: autoDraw = False
211.4396 	EXP 	polygon: autoDraw = True
211.6423 	DATA 	Mouse:  Left button up, pos=(979,210)
211.9083 	DATA 	Keypress: space
212.4390 	EXP 	polygon: autoDraw = False
212.4390 	EXP 	polygon_2: autoDraw = True
212.7926 	DATA 	Keypress: space
212.8055 	EXP 	polygon: autoDraw = False
212.8055 	EXP 	polygon_2: autoDraw = False
213.2068 	EXP 	text: autoDraw = True
213.2068 	EXP 	textbox: autoDraw = True
214.0051 	DATA 	Keypress: 1
215.3547 	DATA 	Mouse: Left button down, pos=(979,210)
215.3568 	EXP 	New trial (rep=2, index=8): {'delay': 0.7, 'freq': 1000, 'condition': 'exp'}
215.3707 	EXP 	text: autoDraw = False
215.3707 	EXP 	textbox: autoDraw = False
215.3707 	EXP 	polygon: autoDraw = True
215.5735 	DATA 	Mouse:  Left button up, pos=(979,210)
216.3560 	DATA 	Keypress: space
216.3702 	EXP 	polygon: autoDraw = False
216.3702 	EXP 	polygon_2: autoDraw = True
217.0568 	DATA 	Keypress: space
217.0698 	EXP 	polygon: autoDraw = False
217.0698 	EXP 	polygon_2: autoDraw = False
218.0713 	EXP 	text: autoDraw = True
218.0713 	EXP 	textbox: autoDraw = True
218.9612 	DATA 	Keypress: 2
220.3943 	DATA 	Mouse: Left button down, pos=(979,210)
220.4031 	EXP 	New trial (rep=2, index=9): {'delay': 0.4, 'freq': 1000, 'condition': 'exp'}
220.4180 	EXP 	text: autoDraw = False
220.4180 	EXP 	textbox: autoDraw = False
220.4180 	EXP 	polygon: autoDraw = True
220.6205 	DATA 	Mouse:  Left button up, pos=(979,210)
221.0699 	DATA 	Keypress: space
221.4174 	EXP 	polygon: autoDraw = False
221.4174 	EXP 	polygon_2: autoDraw = True
221.8540 	DATA 	Keypress: space
221.8671 	EXP 	polygon: autoDraw = False
221.8671 	EXP 	polygon_2: autoDraw = False
222.5687 	EXP 	text: autoDraw = True
222.5687 	EXP 	textbox: autoDraw = True
223.3429 	DATA 	Keypress: 2
223.8046 	DATA 	Keypress: space
224.3922 	DATA 	Keypress: return
225.5910 	DATA 	Mouse: Left button down, pos=(1025,179)
225.6001 	EXP 	New trial (rep=2, index=10): {'delay': 0.1, 'freq': 1000, 'condition': 'exp'}
225.6150 	EXP 	text: autoDraw = False
225.6150 	EXP 	textbox: autoDraw = False
225.6150 	EXP 	polygon: autoDraw = True
225.8177 	DATA 	Mouse:  Left button up, pos=(1025,179)
226.3173 	DATA 	Mouse: Left button down, pos=(1025,179)
226.5338 	DATA 	Mouse:  Left button up, pos=(1025,179)
226.5503 	DATA 	Keypress: space
226.6145 	EXP 	polygon: autoDraw = False
226.6145 	EXP 	polygon_2: autoDraw = True
227.0178 	DATA 	Keypress: space
227.0308 	EXP 	polygon: autoDraw = False
227.0308 	EXP 	polygon_2: autoDraw = False
227.4328 	EXP 	text: autoDraw = True
227.4328 	EXP 	textbox: autoDraw = True
228.1737 	DATA 	Keypress: 3
229.4221 	DATA 	Mouse: Left button down, pos=(1025,179)
229.4323 	EXP 	New trial (rep=2, index=11): {'delay': 0.1, 'freq': 400, 'condition': 'unexp'}
229.4461 	EXP 	text: autoDraw = False
229.4461 	EXP 	textbox: autoDraw = False
229.4461 	EXP 	polygon: autoDraw = True
229.6491 	DATA 	Mouse:  Left button up, pos=(1025,179)
230.0151 	DATA 	Keypress: space
230.4457 	EXP 	polygon: autoDraw = False
230.4457 	EXP 	polygon_2: autoDraw = True
230.8002 	DATA 	Keypress: space
230.8121 	EXP 	polygon: autoDraw = False
230.8121 	EXP 	polygon_2: autoDraw = False
231.2140 	EXP 	text: autoDraw = True
231.2140 	EXP 	textbox: autoDraw = True
231.9699 	DATA 	Keypress: 2
233.7781 	DATA 	Mouse: Left button down, pos=(1002,228)
233.7803 	EXP 	New trial (rep=3, index=0): {'delay': 0.7, 'freq': 1000, 'condition': 'exp'}
233.7938 	EXP 	text: autoDraw = False
233.7938 	EXP 	textbox: autoDraw = False
233.7938 	EXP 	polygon: autoDraw = True
234.0131 	DATA 	Mouse:  Left button up, pos=(1002,228)
234.4129 	DATA 	Mouse: Left button down, pos=(1002,228)
234.6459 	DATA 	Mouse:  Left button up, pos=(1002,228)
234.6790 	DATA 	Keypress: space
234.7932 	EXP 	polygon: autoDraw = False
234.7932 	EXP 	polygon_2: autoDraw = True
235.1135 	DATA 	Keypress: space
235.1264 	EXP 	polygon: autoDraw = False
235.1264 	EXP 	polygon_2: autoDraw = False
235.9451 	DATA 	Keypress: 3
236.1276 	EXP 	text: autoDraw = True
236.1276 	EXP 	textbox: autoDraw = True
237.0922 	DATA 	Keypress: 3
238.9088 	DATA 	Mouse: Left button down, pos=(1002,228)
238.9118 	EXP 	New trial (rep=3, index=1): {'delay': 0.7, 'freq': 1000, 'condition': 'exp'}
238.9243 	EXP 	text: autoDraw = False
238.9243 	EXP 	textbox: autoDraw = False
238.9243 	EXP 	polygon: autoDraw = True
239.1435 	DATA 	Mouse:  Left button up, pos=(1002,228)
239.8261 	DATA 	Keypress: space
239.9237 	EXP 	polygon: autoDraw = False
239.9237 	EXP 	polygon_2: autoDraw = True
240.4106 	DATA 	Keypress: space
240.4234 	EXP 	polygon: autoDraw = False
240.4234 	EXP 	polygon_2: autoDraw = False
241.4251 	EXP 	text: autoDraw = True
241.4251 	EXP 	textbox: autoDraw = True
242.0987 	DATA 	Keypress: 3
243.1568 	DATA 	Mouse: Left button down, pos=(1013,235)
243.1595 	EXP 	New trial (rep=3, index=2): {'delay': 0.7, 'freq': 400, 'condition': 'unexp'}
243.1719 	EXP 	text: autoDraw = False
243.1719 	EXP 	textbox: autoDraw = False
243.1719 	EXP 	polygon: autoDraw = True
243.3919 	DATA 	Mouse:  Left button up, pos=(1013,235)
244.1714 	EXP 	polygon: autoDraw = False
244.1714 	EXP 	polygon_2: autoDraw = True
245.7910 	DATA 	Keypress: space
245.8038 	EXP 	polygon: autoDraw = False
245.8038 	EXP 	polygon_2: autoDraw = False
246.8046 	EXP 	text: autoDraw = True
246.8046 	EXP 	textbox: autoDraw = True
247.6365 	DATA 	Keypress: 2
250.0603 	DATA 	Mouse: Left button down, pos=(1013,235)
250.0705 	EXP 	New trial (rep=3, index=3): {'delay': 0.4, 'freq': 400, 'condition': 'unexp'}
250.0847 	EXP 	text: autoDraw = False
250.0847 	EXP 	textbox: autoDraw = False
250.0847 	EXP 	polygon: autoDraw = True
250.2542 	DATA 	Mouse:  Left button up, pos=(1013,235)
250.9532 	DATA 	Keypress: space
251.0842 	EXP 	polygon: autoDraw = False
251.0842 	EXP 	polygon_2: autoDraw = True
251.7208 	DATA 	Keypress: space
251.7338 	EXP 	polygon: autoDraw = False
251.7338 	EXP 	polygon_2: autoDraw = False
252.4333 	EXP 	text: autoDraw = True
252.4333 	EXP 	textbox: autoDraw = True
253.1943 	DATA 	Keypress: 2
254.4587 	DATA 	Mouse: Left button down, pos=(1013,235)
254.4677 	EXP 	New trial (rep=3, index=4): {'delay': 0.1, 'freq': 1000, 'condition': 'exp'}
254.4822 	EXP 	text: autoDraw = False
254.4822 	EXP 	textbox: autoDraw = False
254.4822 	EXP 	polygon: autoDraw = True
254.6851 	DATA 	Mouse:  Left button up, pos=(1013,235)
255.0514 	DATA 	Keypress: space
255.4819 	EXP 	polygon: autoDraw = False
255.4819 	EXP 	polygon_2: autoDraw = True
255.7518 	DATA 	Keypress: space
255.7648 	EXP 	polygon: autoDraw = False
255.7648 	EXP 	polygon_2: autoDraw = False
256.1667 	EXP 	text: autoDraw = True
256.1667 	EXP 	textbox: autoDraw = True
256.8817 	DATA 	Keypress: 3
258.2809 	DATA 	Mouse: Left button down, pos=(1013,235)
258.2829 	EXP 	New trial (rep=3, index=5): {'delay': 0.1, 'freq': 1000, 'condition': 'exp'}
258.2968 	EXP 	text: autoDraw = False
258.2968 	EXP 	textbox: autoDraw = False
258.2968 	EXP 	polygon: autoDraw = True
258.4996 	DATA 	Mouse:  Left button up, pos=(1013,235)
258.8157 	DATA 	Keypress: space
259.2963 	EXP 	polygon: autoDraw = False
259.2963 	EXP 	polygon_2: autoDraw = True
259.9328 	DATA 	Keypress: space
259.9459 	EXP 	polygon: autoDraw = False
259.9459 	EXP 	polygon_2: autoDraw = False
260.3472 	EXP 	text: autoDraw = True
260.3472 	EXP 	textbox: autoDraw = True
260.8547 	DATA 	Keypress: 3
261.9713 	DATA 	Mouse: Left button down, pos=(1013,235)
261.9809 	EXP 	New trial (rep=3, index=6): {'delay': 0.4, 'freq': 1000, 'condition': 'exp'}
261.9949 	EXP 	text: autoDraw = False
261.9949 	EXP 	textbox: autoDraw = False
261.9949 	EXP 	polygon: autoDraw = True
262.1975 	DATA 	Mouse:  Left button up, pos=(1013,235)
262.5139 	DATA 	Keypress: space
262.9943 	EXP 	polygon: autoDraw = False
262.9943 	EXP 	polygon_2: autoDraw = True
263.2809 	DATA 	Keypress: space
263.2941 	EXP 	polygon: autoDraw = False
263.2941 	EXP 	polygon_2: autoDraw = False
263.9949 	EXP 	text: autoDraw = True
263.9949 	EXP 	textbox: autoDraw = True
264.4438 	DATA 	Keypress: 3
266.2010 	DATA 	Mouse: Left button down, pos=(1013,235)
266.2112 	EXP 	New trial (rep=3, index=7): {'delay': 0.4, 'freq': 1000, 'condition': 'exp'}
266.2258 	EXP 	text: autoDraw = False
266.2258 	EXP 	textbox: autoDraw = False
266.2258 	EXP 	polygon: autoDraw = True
266.4287 	DATA 	Mouse:  Left button up, pos=(1013,235)
266.7611 	DATA 	Keypress: space
267.2252 	EXP 	polygon: autoDraw = False
267.2252 	EXP 	polygon_2: autoDraw = True
267.4618 	DATA 	Keypress: space
267.4751 	EXP 	polygon: autoDraw = False
267.4751 	EXP 	polygon_2: autoDraw = False
268.1746 	EXP 	text: autoDraw = True
268.1746 	EXP 	textbox: autoDraw = True
268.8914 	DATA 	Keypress: 2
270.6037 	DATA 	Mouse: Left button down, pos=(1000,221)
270.6121 	EXP 	New trial (rep=3, index=8): {'delay': 0.4, 'freq': 1000, 'condition': 'exp'}
270.6275 	EXP 	text: autoDraw = False
270.6275 	EXP 	textbox: autoDraw = False
270.6275 	EXP 	polygon: autoDraw = True
270.8135 	DATA 	Mouse:  Left button up, pos=(1000,221)
271.6272 	EXP 	polygon: autoDraw = False
271.6272 	EXP 	polygon_2: autoDraw = True
271.9137 	DATA 	Keypress: space
271.9266 	EXP 	polygon: autoDraw = False
271.9266 	EXP 	polygon_2: autoDraw = False
272.6390 	EXP 	text: autoDraw = True
272.6390 	EXP 	textbox: autoDraw = True
273.2971 	DATA 	Keypress: 2
274.6313 	DATA 	Mouse: Left button down, pos=(1000,221)
274.6398 	EXP 	New trial (rep=3, index=9): {'delay': 0.1, 'freq': 1000, 'condition': 'exp'}
274.6544 	EXP 	text: autoDraw = False
274.6544 	EXP 	textbox: autoDraw = False
274.6544 	EXP 	polygon: autoDraw = True
274.8739 	DATA 	Mouse:  Left button up, pos=(1000,221)
275.4729 	DATA 	Keypress: space
275.6538 	EXP 	polygon: autoDraw = False
275.6538 	EXP 	polygon_2: autoDraw = True
276.3406 	DATA 	Keypress: space
276.3534 	EXP 	polygon: autoDraw = False
276.3534 	EXP 	polygon_2: autoDraw = False
276.7542 	EXP 	text: autoDraw = True
276.7542 	EXP 	textbox: autoDraw = True
277.5031 	DATA 	Keypress: 1
278.4467 	DATA 	Mouse: Left button down, pos=(1000,221)
278.4565 	EXP 	New trial (rep=3, index=10): {'delay': 0.7, 'freq': 1000, 'condition': 'exp'}
278.4689 	EXP 	text: autoDraw = False
278.4689 	EXP 	textbox: autoDraw = False
278.4689 	EXP 	polygon: autoDraw = True
278.6715 	DATA 	Mouse:  Left button up, pos=(1000,221)
279.4684 	EXP 	polygon: autoDraw = False
279.4684 	EXP 	polygon_2: autoDraw = True
279.9549 	DATA 	Keypress: space
279.9681 	EXP 	polygon: autoDraw = False
279.9681 	EXP 	polygon_2: autoDraw = False
280.9680 	EXP 	text: autoDraw = True
280.9680 	EXP 	textbox: autoDraw = True
281.7596 	DATA 	Keypress: 2
282.8943 	DATA 	Mouse: Left button down, pos=(1000,221)
282.9031 	EXP 	New trial (rep=3, index=11): {'delay': 0.1, 'freq': 400, 'condition': 'unexp'}
282.9165 	EXP 	text: autoDraw = False
282.9165 	EXP 	textbox: autoDraw = False
282.9165 	EXP 	polygon: autoDraw = True
283.1025 	DATA 	Mouse:  Left button up, pos=(1000,221)
283.4854 	DATA 	Keypress: space
283.9159 	EXP 	polygon: autoDraw = False
283.9159 	EXP 	polygon_2: autoDraw = True
284.1526 	DATA 	Keypress: space
284.1659 	EXP 	polygon: autoDraw = False
284.1659 	EXP 	polygon_2: autoDraw = False
284.5673 	EXP 	text: autoDraw = True
284.5673 	EXP 	textbox: autoDraw = True
285.4156 	DATA 	Keypress: 3
286.5745 	DATA 	Mouse: Left button down, pos=(1000,221)
286.5826 	EXP 	New trial (rep=4, index=0): {'delay': 0.7, 'freq': 1000, 'condition': 'exp'}
286.5979 	EXP 	text: autoDraw = False
286.5979 	EXP 	textbox: autoDraw = False
286.5979 	EXP 	polygon: autoDraw = True
286.8004 	DATA 	Mouse:  Left button up, pos=(1000,221)
287.4002 	DATA 	Keypress: space
287.5971 	EXP 	polygon: autoDraw = False
287.5971 	EXP 	polygon_2: autoDraw = True
287.9338 	DATA 	Keypress: space
287.9469 	EXP 	polygon: autoDraw = False
287.9469 	EXP 	polygon_2: autoDraw = False
288.9465 	EXP 	text: autoDraw = True
288.9465 	EXP 	textbox: autoDraw = True
290.2912 	DATA 	Keypress: 4
291.1960 	DATA 	Mouse: Left button down, pos=(1000,221)
291.1990 	EXP 	New trial (rep=4, index=1): {'delay': 0.4, 'freq': 1000, 'condition': 'exp'}
291.2118 	EXP 	text: autoDraw = False
291.2118 	EXP 	textbox: autoDraw = False
291.2118 	EXP 	polygon: autoDraw = True
291.4301 	DATA 	Mouse:  Left button up, pos=(1000,221)
292.2114 	EXP 	polygon: autoDraw = False
292.2114 	EXP 	polygon_2: autoDraw = True
292.7149 	DATA 	Keypress: space
292.7277 	EXP 	polygon: autoDraw = False
292.7277 	EXP 	polygon_2: autoDraw = False
293.4294 	EXP 	text: autoDraw = True
293.4294 	EXP 	textbox: autoDraw = True
294.2677 	DATA 	Keypress: 3
294.5014 	DATA 	Keypress: space
296.3478 	DATA 	Mouse: Left button down, pos=(1000,221)
296.3606 	EXP 	New trial (rep=4, index=2): {'delay': 0.7, 'freq': 400, 'condition': 'unexp'}
296.3759 	EXP 	text: autoDraw = False
296.3759 	EXP 	textbox: autoDraw = False
296.3759 	EXP 	polygon: autoDraw = True
296.5785 	DATA 	Mouse:  Left button up, pos=(1000,221)
297.3751 	EXP 	polygon: autoDraw = False
297.3751 	EXP 	polygon_2: autoDraw = True
302.5759 	DATA 	Keypress: space
302.5888 	EXP 	polygon: autoDraw = False
302.5888 	EXP 	polygon_2: autoDraw = False
303.6050 	EXP 	text: autoDraw = True
303.6050 	EXP 	textbox: autoDraw = True
304.9131 	DATA 	Keypress: 3
305.9593 	DATA 	Mouse: Left button down, pos=(1052,192)
305.9616 	EXP 	New trial (rep=4, index=3): {'delay': 0.4, 'freq': 400, 'condition': 'unexp'}
305.9745 	EXP 	text: autoDraw = False
305.9745 	EXP 	textbox: autoDraw = False
305.9745 	EXP 	polygon: autoDraw = True
306.1775 	DATA 	Mouse:  Left button up, pos=(1052,192)
306.7099 	DATA 	Keypress: space
306.9739 	EXP 	polygon: autoDraw = False
306.9739 	EXP 	polygon_2: autoDraw = True
307.5937 	DATA 	Keypress: space
307.6067 	EXP 	polygon: autoDraw = False
307.6067 	EXP 	polygon_2: autoDraw = False
308.3191 	EXP 	text: autoDraw = True
308.3191 	EXP 	textbox: autoDraw = True
309.8853 	DATA 	Keypress: 2
321.4294 	DATA 	Mouse: Left button down, pos=(1021,223)
321.4316 	EXP 	New trial (rep=4, index=4): {'delay': 0.1, 'freq': 1000, 'condition': 'exp'}
321.4450 	EXP 	text: autoDraw = False
321.4450 	EXP 	textbox: autoDraw = False
321.4450 	EXP 	polygon: autoDraw = True
321.6478 	DATA 	Mouse:  Left button up, pos=(1021,223)
322.4445 	EXP 	polygon: autoDraw = False
322.4445 	EXP 	polygon_2: autoDraw = True
322.9482 	DATA 	Keypress: space
322.9608 	EXP 	polygon: autoDraw = False
322.9608 	EXP 	polygon_2: autoDraw = False
323.3622 	EXP 	text: autoDraw = True
323.3622 	EXP 	textbox: autoDraw = True
324.7608 	DATA 	Keypress: 4
326.4192 	DATA 	Mouse: Left button down, pos=(1015,195)
326.4284 	EXP 	New trial (rep=4, index=5): {'delay': 0.1, 'freq': 1000, 'condition': 'exp'}
326.4422 	EXP 	text: autoDraw = False
326.4422 	EXP 	textbox: autoDraw = False
326.4422 	EXP 	polygon: autoDraw = True
326.6449 	DATA 	Mouse:  Left button up, pos=(1015,195)
327.4417 	EXP 	polygon: autoDraw = False
327.4417 	EXP 	polygon_2: autoDraw = True
330.1270 	DATA 	Keypress: space
330.1402 	EXP 	polygon: autoDraw = False
330.1402 	EXP 	polygon_2: autoDraw = False
330.5434 	EXP 	text: autoDraw = True
330.5434 	EXP 	textbox: autoDraw = True
332.2153 	DATA 	Keypress: 3
333.1327 	DATA 	Mouse: Left button down, pos=(1015,195)
333.1414 	EXP 	New trial (rep=4, index=6): {'delay': 0.1, 'freq': 400, 'condition': 'unexp'}
333.1554 	EXP 	text: autoDraw = False
333.1554 	EXP 	textbox: autoDraw = False
333.1554 	EXP 	polygon: autoDraw = True
333.3580 	DATA 	Mouse:  Left button up, pos=(1015,195)
334.0580 	DATA 	Keypress: space
334.1547 	EXP 	polygon: autoDraw = False
334.1547 	EXP 	polygon_2: autoDraw = True
334.4749 	DATA 	Keypress: space
334.4878 	EXP 	polygon: autoDraw = False
334.4878 	EXP 	polygon_2: autoDraw = False
334.8887 	EXP 	text: autoDraw = True
334.8887 	EXP 	textbox: autoDraw = True
335.8467 	DATA 	Keypress: 2
337.1297 	DATA 	Mouse: Left button down, pos=(1015,195)
337.1388 	EXP 	New trial (rep=4, index=7): {'delay': 0.4, 'freq': 1000, 'condition': 'exp'}
337.1529 	EXP 	text: autoDraw = False
337.1529 	EXP 	textbox: autoDraw = False
337.1529 	EXP 	polygon: autoDraw = True
337.3556 	DATA 	Mouse:  Left button up, pos=(1015,195)
338.1525 	EXP 	polygon: autoDraw = False
338.1525 	EXP 	polygon_2: autoDraw = True
339.0889 	DATA 	Keypress: space
339.1018 	EXP 	polygon: autoDraw = False
339.1018 	EXP 	polygon_2: autoDraw = False
339.8021 	EXP 	text: autoDraw = True
339.8021 	EXP 	textbox: autoDraw = True
340.5848 	DATA 	Keypress: 3
342.1510 	DATA 	Mouse: Left button down, pos=(1015,195)
342.1530 	EXP 	New trial (rep=4, index=8): {'delay': 0.7, 'freq': 1000, 'condition': 'exp'}
342.1667 	EXP 	text: autoDraw = False
342.1667 	EXP 	textbox: autoDraw = False
342.1667 	EXP 	polygon: autoDraw = True
342.3700 	DATA 	Mouse:  Left button up, pos=(1015,195)
343.1663 	EXP 	polygon: autoDraw = False
343.1663 	EXP 	polygon_2: autoDraw = True
369.0397 	DATA 	Keypress: space
369.0519 	EXP 	polygon: autoDraw = False
369.0519 	EXP 	polygon_2: autoDraw = False
370.0536 	EXP 	text: autoDraw = True
370.0536 	EXP 	textbox: autoDraw = True
372.5672 	DATA 	Keypress: 1
374.2924 	DATA 	Mouse: Left button down, pos=(1077,232)
374.3007 	EXP 	New trial (rep=4, index=9): {'delay': 0.7, 'freq': 1000, 'condition': 'exp'}
374.3157 	EXP 	text: autoDraw = False
374.3157 	EXP 	textbox: autoDraw = False
374.3157 	EXP 	polygon: autoDraw = True
374.5185 	DATA 	Mouse:  Left button up, pos=(1077,232)
375.1013 	DATA 	Keypress: space
375.3151 	EXP 	polygon: autoDraw = False
375.3151 	EXP 	polygon_2: autoDraw = True
375.9522 	DATA 	Keypress: space
375.9647 	EXP 	polygon: autoDraw = False
375.9647 	EXP 	polygon_2: autoDraw = False
376.9649 	EXP 	text: autoDraw = True
376.9649 	EXP 	textbox: autoDraw = True
379.1969 	DATA 	Keypress: 3
380.2443 	DATA 	Mouse: Left button down, pos=(1050,228)
380.2660 	EXP 	New trial (rep=4, index=10): {'delay': 0.1, 'freq': 1000, 'condition': 'exp'}
380.2789 	EXP 	text: autoDraw = False
380.2789 	EXP 	textbox: autoDraw = False
380.2789 	EXP 	polygon: autoDraw = True
380.4650 	DATA 	Mouse:  Left button up, pos=(1050,228)
381.1975 	DATA 	Keypress: space
381.2783 	EXP 	polygon: autoDraw = False
381.2783 	EXP 	polygon_2: autoDraw = True
381.9320 	DATA 	Keypress: space
381.9447 	EXP 	polygon: autoDraw = False
381.9447 	EXP 	polygon_2: autoDraw = False
382.3463 	EXP 	text: autoDraw = True
382.3463 	EXP 	textbox: autoDraw = True
384.2039 	DATA 	Keypress: 2
386.1043 	DATA 	Mouse: Left button down, pos=(1050,228)
386.1137 	EXP 	New trial (rep=4, index=11): {'delay': 0.4, 'freq': 1000, 'condition': 'exp'}
386.1299 	EXP 	text: autoDraw = False
386.1299 	EXP 	textbox: autoDraw = False
386.1299 	EXP 	polygon: autoDraw = True
386.3158 	DATA 	Mouse:  Left button up, pos=(1050,228)
387.1127 	EXP 	polygon_2: autoDraw = True
387.1293 	EXP 	polygon: autoDraw = False
387.6994 	DATA 	Keypress: space
387.7121 	EXP 	polygon: autoDraw = False
387.7121 	EXP 	polygon_2: autoDraw = False
388.4245 	EXP 	text: autoDraw = True
388.4245 	EXP 	textbox: autoDraw = True
390.3340 	DATA 	Keypress: 2
391.4159 	DATA 	Mouse: Left button down, pos=(1012,216)
391.4392 	EXP 	text: autoDraw = False
391.4392 	EXP 	textbox: autoDraw = False
391.5861 	EXP 	window1: mouseVisible = True
